2021-10-09 15:29:39,729 [main] INFO Zoopla.uk - ******** I am a chrome browser*********
2021-10-09 15:31:14,187 [main] INFO Zoopla - ******** I am a chrome browser*********
2021-10-09 15:31:59,479 [main] INFO Zoopla - ******** I am a chrome browser*********
2021-10-09 15:33:44,551 [main] INFO Zoopla - ******** I am a chrome browser*********
2021-10-09 15:33:47,479 [main] INFO Zoopla - ******** User able to enter URL *********
2021-10-09 15:33:50,096 [main] INFO Zoopla - ******** User able to click on the login button *********
2021-10-09 15:33:55,078 [main] INFO Zoopla - ******** User enter the userName *********
2021-10-09 15:33:55,393 [main] INFO Zoopla - ******** User enter the Password *********
2021-10-09 15:33:55,672 [main] INFO Zoopla - ******** User click on the signing button *********
2021-10-09 15:33:56,140 [main] INFO Zoopla - ******** User able to verify successfully login & verify the homepage title *********
2021-10-09 15:51:30,050 [main] INFO Test Lead Alam - ******** I am a chrome browser*********
2021-10-09 15:58:52,657 [main] INFO Test Lead Alam - ******** I am a chrome browser*********
2021-10-09 16:01:35,841 [main] INFO Test Lead Alam - ******** I am a chrome browser*********
2021-10-09 16:02:36,774 [main] INFO Test Lead Alam - ******** I am a chrome browser*********
2021-10-09 16:04:01,594 [main] INFO Test Lead Alam - ******** I am a chrome browser*********
2021-10-09 16:05:50,761 [main] INFO Test Lead Alam - ******** I am a chrome browser*********
2021-10-09 16:17:00,327 [main] INFO Test Lead Alam - ******** I am a chrome browser*********
2021-10-09 16:17:15,739 [main] INFO Test Lead Alam - 
2021-10-09 16:17:15,740 [main] INFO Test Lead Alam - ...........START AUTOMATION.............
2021-10-09 16:17:15,741 [main] INFO Test Lead Alam - 
2021-10-09 16:17:19,085 [main] INFO Test Lead Alam - 
2021-10-09 16:17:19,085 [main] INFO Test Lead Alam - ...........END AUTOMATION.............
2021-10-09 16:17:19,086 [main] INFO Test Lead Alam - 
2021-10-09 16:19:45,466 [main] INFO Test Lead Alam - ******** I am a chrome browser*********
2021-10-09 16:19:53,644 [main] INFO Test Lead Alam - 
2021-10-09 16:19:53,645 [main] INFO Test Lead Alam - ...........END AUTOMATION.............
2021-10-09 16:19:53,646 [main] INFO Test Lead Alam - 
2021-10-09 16:20:24,345 [main] INFO Test Lead Alam - ******** I am a chrome browser*********
2021-10-09 16:20:31,963 [main] INFO Test Lead Alam - 
2021-10-09 16:20:31,964 [main] INFO Test Lead Alam - ...........END AUTOMATION.............
2021-10-09 16:20:31,964 [main] INFO Test Lead Alam - 
2021-10-09 16:32:49,908 [main] INFO Test Lead Alam - ******** I am a chrome browser*********
2021-10-09 16:32:55,638 [main] INFO Test Lead Alam - 
2021-10-09 16:32:55,638 [main] INFO Test Lead Alam - ...........START AUTOMATION.............
2021-10-09 16:32:55,639 [main] INFO Test Lead Alam - 
2021-10-09 16:32:59,529 [main] INFO Test Lead Alam - ******** User able to verify successfully login & verify the homepage title *********
2021-10-09 16:33:41,416 [main] INFO Test Lead Alam - ******** I am a chrome browser*********
2021-10-09 16:33:48,019 [main] INFO Test Lead Alam - 
2021-10-09 16:33:48,020 [main] INFO Test Lead Alam - ...........START AUTOMATION.............
2021-10-09 16:33:48,021 [main] INFO Test Lead Alam - 
2021-10-09 16:33:50,479 [main] INFO Test Lead Alam - ******** User able to verify successfully login & verify the homepage title *********
2021-10-09 16:33:55,914 [main] INFO Test Lead Alam - 
2021-10-09 16:33:55,915 [main] INFO Test Lead Alam - ...........END AUTOMATION.............
2021-10-09 16:33:55,915 [main] INFO Test Lead Alam - 
2021-10-09 16:42:54,258 [main] INFO Test Lead Alam - ******** I am a chrome browser*********
2021-10-09 16:43:00,913 [main] INFO Test Lead Alam - 
2021-10-09 16:43:00,914 [main] INFO Test Lead Alam - ...........START AUTOMATION.............
2021-10-09 16:43:00,915 [main] INFO Test Lead Alam - 
2021-10-09 16:43:03,748 [main] INFO Test Lead Alam - ******** User able to verify successfully login & verify the homepage title *********
2021-10-09 16:43:08,236 [main] INFO Test Lead Alam - 
2021-10-09 16:43:08,238 [main] INFO Test Lead Alam - ...........END AUTOMATION.............
2021-10-09 16:43:08,239 [main] INFO Test Lead Alam - 
2021-10-09 16:46:56,474 [main] INFO Test Lead Alam - ******** I am a chrome browser*********
2021-10-09 16:47:20,756 [main] INFO Test Lead Alam - 
2021-10-09 16:47:20,757 [main] INFO Test Lead Alam - ...........END AUTOMATION.............
2021-10-09 16:47:20,757 [main] INFO Test Lead Alam - 
2021-10-09 16:48:18,369 [main] INFO Test Lead Alam - ******** I am a chrome browser*********
2021-10-09 16:48:23,735 [main] INFO Test Lead Alam - 
2021-10-09 16:48:23,735 [main] INFO Test Lead Alam - ...........START AUTOMATION.............
2021-10-09 16:48:23,735 [main] INFO Test Lead Alam - 
2021-10-09 16:48:26,587 [main] INFO Test Lead Alam - ******** User able to verify successfully login & verify the homepage title *********
2021-10-09 16:48:28,904 [main] INFO Test Lead Alam - ******** Users can hover over the page on the For Sale module and click on the UK Property For Sale *********
2021-10-09 16:48:30,997 [main] INFO Test Lead Alam - 
2021-10-09 16:48:30,998 [main] INFO Test Lead Alam - ...........END AUTOMATION.............
2021-10-09 16:48:30,999 [main] INFO Test Lead Alam - 
2021-10-09 16:55:49,906 [main] INFO Test Lead Alam - ******** I am a chrome browser*********
2021-10-09 16:55:59,272 [main] INFO Test Lead Alam - 
2021-10-09 16:55:59,275 [main] INFO Test Lead Alam - ...........START AUTOMATION.............
2021-10-09 16:55:59,275 [main] INFO Test Lead Alam - 
2021-10-09 16:56:02,112 [main] INFO Test Lead Alam - ******** User able to verify successfully login & verify the homepage title *********
2021-10-09 16:56:04,220 [main] INFO Test Lead Alam - ******** Users can hover over the page on the For Sale module and click on the UK Property For Sale *********
2021-10-09 16:56:06,501 [main] INFO Test Lead Alam - 
2021-10-09 16:56:06,501 [main] INFO Test Lead Alam - ...........END AUTOMATION.............
2021-10-09 16:56:06,502 [main] INFO Test Lead Alam - 
2021-10-09 16:57:07,728 [main] INFO Test Lead Alam - ******** I am a chrome browser*********
2021-10-09 16:57:14,875 [main] INFO Test Lead Alam - 
2021-10-09 16:57:14,876 [main] INFO Test Lead Alam - ...........START AUTOMATION.............
2021-10-09 16:57:14,877 [main] INFO Test Lead Alam - 
2021-10-09 16:57:17,755 [main] INFO Test Lead Alam - ******** User able to verify successfully login & verify the homepage title *********
2021-10-09 16:57:19,917 [main] INFO Test Lead Alam - ******** Users can hover over the page on the For Sale module and click on the UK Property For Sale *********
2021-10-09 17:02:48,104 [main] INFO Test Lead Alam - ******** I am a chrome browser*********
2021-10-09 17:02:57,490 [main] INFO Test Lead Alam - 
2021-10-09 17:02:57,491 [main] INFO Test Lead Alam - ...........START AUTOMATION.............
2021-10-09 17:02:57,492 [main] INFO Test Lead Alam - 
2021-10-09 17:03:10,370 [main] INFO Test Lead Alam - ******** User able to verify successfully login & verify the homepage title *********
2021-10-09 17:03:13,697 [main] INFO Test Lead Alam - ******** Users can hover over the page on the For Sale module and click on the UK Property For Sale *********
2021-10-09 17:05:50,383 [main] INFO Test Lead Alam - ******** I am a chrome browser*********
2021-10-09 17:05:57,204 [main] INFO Test Lead Alam - 
2021-10-09 17:05:57,207 [main] INFO Test Lead Alam - ...........START AUTOMATION.............
2021-10-09 17:05:57,208 [main] INFO Test Lead Alam - 
2021-10-09 17:06:01,615 [main] INFO Test Lead Alam - ******** User able to verify successfully login & verify the homepage title *********
2021-10-09 17:06:03,735 [main] INFO Test Lead Alam - ******** Users can hover over the page on the For Sale module and click on the UK Property For Sale *********
2021-10-09 17:06:05,030 [main] INFO Test Lead Alam - ******** Users is able to enter location *********
2021-10-09 17:06:41,428 [main] INFO Test Lead Alam - ******** I am a chrome browser*********
2021-10-09 17:06:49,471 [main] INFO Test Lead Alam - 
2021-10-09 17:06:49,472 [main] INFO Test Lead Alam - ...........START AUTOMATION.............
2021-10-09 17:06:49,473 [main] INFO Test Lead Alam - 
2021-10-09 17:06:53,279 [main] INFO Test Lead Alam - ******** User able to verify successfully login & verify the homepage title *********
2021-10-09 17:06:56,186 [main] INFO Test Lead Alam - ******** Users can hover over the page on the For Sale module and click on the UK Property For Sale *********
2021-10-09 17:06:57,750 [main] INFO Test Lead Alam - ******** Users is able to enter location *********
2021-10-09 17:45:44,478 [main] INFO Test Lead Alam - ******** I am a chrome browser*********
2021-10-09 17:45:51,933 [main] INFO Test Lead Alam - 
2021-10-09 17:45:51,935 [main] INFO Test Lead Alam - ...........START AUTOMATION.............
2021-10-09 17:45:51,935 [main] INFO Test Lead Alam - 
2021-10-09 17:45:55,499 [main] INFO Test Lead Alam - ******** User able to verify successfully login & verify the homepage title *********
2021-10-09 17:45:58,463 [main] INFO Test Lead Alam - ******** Users can hover over the page on the For Sale module and click on the UK Property For Sale *********
2021-10-09 17:46:00,178 [main] INFO Test Lead Alam - ******** Users is able to enter location *********
2021-10-09 17:59:03,334 [main] INFO Test Lead Alam - ******** I am a chrome browser*********
2021-10-09 17:59:10,264 [main] INFO Test Lead Alam - 
2021-10-09 17:59:10,265 [main] INFO Test Lead Alam - ...........START AUTOMATION.............
2021-10-09 17:59:10,266 [main] INFO Test Lead Alam - 
2021-10-09 17:59:12,463 [main] INFO Test Lead Alam - ******** User able to verify successfully login & verify the homepage title *********
2021-10-09 17:59:14,549 [main] INFO Test Lead Alam - ******** Users can hover over the page on the For Sale module and click on the UK Property For Sale *********
2021-10-09 17:59:15,876 [main] INFO Test Lead Alam - ******** Users is able to enter location *********
2021-10-09 18:34:18,913 [main] INFO Test Lead Alam - ******** I am a chrome browser*********
2021-10-09 18:34:26,717 [main] INFO Test Lead Alam - 
2021-10-09 18:34:26,718 [main] INFO Test Lead Alam - ...........START AUTOMATION.............
2021-10-09 18:34:26,719 [main] INFO Test Lead Alam - 
2021-10-09 18:34:30,336 [main] INFO Test Lead Alam - ******** User able to verify successfully login & verify the homepage title *********
2021-10-09 18:34:33,253 [main] INFO Test Lead Alam - ******** Users can hover over the page on the For Sale module and click on the UK Property For Sale *********
2021-10-09 18:34:38,775 [main] INFO Test Lead Alam - ******** Users is able to enter location *********
2021-10-09 18:35:42,371 [main] INFO Test Lead Alam - ******** I am a chrome browser*********
2021-10-09 18:35:49,177 [main] INFO Test Lead Alam - 
2021-10-09 18:35:49,178 [main] INFO Test Lead Alam - ...........START AUTOMATION.............
2021-10-09 18:35:49,179 [main] INFO Test Lead Alam - 
2021-10-09 18:35:53,952 [main] INFO Test Lead Alam - ******** User able to verify successfully login & verify the homepage title *********
2021-10-09 18:35:56,600 [main] INFO Test Lead Alam - ******** Users can hover over the page on the For Sale module and click on the UK Property For Sale *********
2021-10-09 18:35:58,210 [main] INFO Test Lead Alam - ******** Users is able to enter location *********
2021-10-09 18:54:34,978 [main] INFO Test Lead Alam - ******** I am a chrome browser*********
2021-10-09 18:54:40,704 [main] INFO Test Lead Alam - 
2021-10-09 18:54:40,705 [main] INFO Test Lead Alam - ...........START AUTOMATION.............
2021-10-09 18:54:40,706 [main] INFO Test Lead Alam - 
2021-10-09 18:54:43,627 [main] INFO Test Lead Alam - ******** User able to verify successfully login & verify the homepage title *********
2021-10-09 18:54:45,742 [main] INFO Test Lead Alam - ******** Users can hover over the page on the For Sale module and click on the UK Property For Sale *********
2021-10-09 18:54:47,406 [main] INFO Test Lead Alam - ******** Users is able to enter location *********
2021-10-09 19:14:23,294 [main] INFO Test Lead Alam - ******** I am a chrome browser*********
2021-10-09 19:14:30,641 [main] INFO Test Lead Alam - 
2021-10-09 19:14:30,642 [main] INFO Test Lead Alam - ...........START AUTOMATION.............
2021-10-09 19:14:30,642 [main] INFO Test Lead Alam - 
2021-10-09 19:14:34,478 [main] INFO Test Lead Alam - ******** User able to verify successfully login & verify the homepage title *********
2021-10-09 19:14:36,735 [main] INFO Test Lead Alam - ******** Users can hover over the page on the For Sale module and click on the UK Property For Sale *********
2021-10-09 19:14:38,651 [main] INFO Test Lead Alam - ******** Users is able to enter location *********
2021-10-09 19:15:29,685 [main] INFO Test Lead Alam - ******** I am a chrome browser*********
2021-10-09 19:15:39,214 [main] INFO Test Lead Alam - 
2021-10-09 19:15:39,215 [main] INFO Test Lead Alam - ...........START AUTOMATION.............
2021-10-09 19:15:39,215 [main] INFO Test Lead Alam - 
2021-10-09 19:15:44,522 [main] INFO Test Lead Alam - ******** User able to verify successfully login & verify the homepage title *********
2021-10-09 19:15:48,523 [main] INFO Test Lead Alam - ******** Users can hover over the page on the For Sale module and click on the UK Property For Sale *********
2021-10-09 19:15:54,186 [main] INFO Test Lead Alam - ******** Users is able to enter location *********
2021-10-09 19:17:51,289 [main] INFO Test Lead Alam - ******** I am a chrome browser*********
2021-10-09 19:17:58,305 [main] INFO Test Lead Alam - 
2021-10-09 19:17:58,306 [main] INFO Test Lead Alam - ...........START AUTOMATION.............
2021-10-09 19:17:58,306 [main] INFO Test Lead Alam - 
2021-10-09 19:18:02,060 [main] INFO Test Lead Alam - ******** User able to verify successfully login & verify the homepage title *********
2021-10-09 19:18:04,753 [main] INFO Test Lead Alam - ******** Users can hover over the page on the For Sale module and click on the UK Property For Sale *********
2021-10-09 19:18:06,363 [main] INFO Test Lead Alam - ******** Users is able to enter location *********
2021-10-09 19:19:42,892 [main] INFO Test Lead Alam - ******** I am a chrome browser*********
2021-10-09 19:19:49,715 [main] INFO Test Lead Alam - 
2021-10-09 19:19:49,716 [main] INFO Test Lead Alam - ...........START AUTOMATION.............
2021-10-09 19:19:49,717 [main] INFO Test Lead Alam - 
2021-10-09 19:19:53,600 [main] INFO Test Lead Alam - ******** User able to verify successfully login & verify the homepage title *********
2021-10-09 19:19:55,695 [main] INFO Test Lead Alam - ******** Users can hover over the page on the For Sale module and click on the UK Property For Sale *********
2021-10-09 19:19:57,121 [main] INFO Test Lead Alam - ******** Users is able to enter location *********
2021-10-09 19:21:20,244 [main] INFO Test Lead Alam - ******** I am a chrome browser*********
2021-10-09 19:21:30,619 [main] INFO Test Lead Alam - 
2021-10-09 19:21:30,621 [main] INFO Test Lead Alam - ...........START AUTOMATION.............
2021-10-09 19:21:30,621 [main] INFO Test Lead Alam - 
2021-10-09 19:21:42,783 [main] INFO Test Lead Alam - ******** User able to verify successfully login & verify the homepage title *********
2021-10-09 19:22:25,031 [main] INFO Test Lead Alam - ******** I am a chrome browser*********
2021-10-09 19:22:40,743 [main] INFO Test Lead Alam - 
2021-10-09 19:22:40,744 [main] INFO Test Lead Alam - ...........START AUTOMATION.............
2021-10-09 19:22:40,744 [main] INFO Test Lead Alam - 
2021-10-09 19:22:44,239 [main] INFO Test Lead Alam - ******** User able to verify successfully login & verify the homepage title *********
2021-10-09 19:22:47,227 [main] INFO Test Lead Alam - ******** Users can hover over the page on the For Sale module and click on the UK Property For Sale *********
2021-10-09 19:22:48,692 [main] INFO Test Lead Alam - ******** Users is able to enter location *********
2021-10-09 19:27:45,151 [main] INFO Test Lead Alam - ******** I am a chrome browser*********
2021-10-09 19:27:52,176 [main] INFO Test Lead Alam - 
2021-10-09 19:27:52,178 [main] INFO Test Lead Alam - ...........START AUTOMATION.............
2021-10-09 19:27:52,178 [main] INFO Test Lead Alam - 
2021-10-09 19:27:56,748 [main] INFO Test Lead Alam - ******** User able to verify successfully login & verify the homepage title *********
2021-10-09 19:27:59,945 [main] INFO Test Lead Alam - ******** Users can hover over the page on the For Sale module and click on the UK Property For Sale *********
2021-10-09 19:28:01,704 [main] INFO Test Lead Alam - ******** Users is able to enter location *********
2021-10-09 19:29:29,937 [main] INFO Test Lead Alam - ******** I am a chrome browser*********
2021-10-09 19:29:40,618 [main] INFO Test Lead Alam - 
2021-10-09 19:29:40,618 [main] INFO Test Lead Alam - ...........START AUTOMATION.............
2021-10-09 19:29:40,619 [main] INFO Test Lead Alam - 
2021-10-09 19:29:44,130 [main] INFO Test Lead Alam - ******** User able to verify successfully login & verify the homepage title *********
2021-10-09 19:29:49,507 [main] INFO Test Lead Alam - ******** Users can hover over the page on the For Sale module and click on the UK Property For Sale *********
2021-10-09 19:29:52,628 [main] INFO Test Lead Alam - ******** Users is able to enter location *********
2021-10-09 19:33:27,345 [main] INFO Test Lead Alam - ******** I am a chrome browser*********
2021-10-09 19:33:33,445 [main] INFO Test Lead Alam - 
2021-10-09 19:33:33,445 [main] INFO Test Lead Alam - ...........START AUTOMATION.............
2021-10-09 19:33:33,446 [main] INFO Test Lead Alam - 
2021-10-09 19:33:36,431 [main] INFO Test Lead Alam - ******** User able to verify successfully login & verify the homepage title *********
2021-10-09 19:33:40,104 [main] INFO Test Lead Alam - ******** Users can hover over the page on the For Sale module and click on the UK Property For Sale *********
2021-10-09 19:33:43,875 [main] INFO Test Lead Alam - ******** Users is able to enter location *********
2021-10-09 19:39:19,327 [main] INFO Test Lead Alam - ******** I am a chrome browser*********
2021-10-09 19:39:26,016 [main] INFO Test Lead Alam - 
2021-10-09 19:39:26,017 [main] INFO Test Lead Alam - ...........START AUTOMATION.............
2021-10-09 19:39:26,018 [main] INFO Test Lead Alam - 
2021-10-09 19:39:28,550 [main] INFO Test Lead Alam - ******** User able to verify successfully login & verify the homepage title *********
2021-10-09 19:39:31,139 [main] INFO Test Lead Alam - ******** Users can hover over the page on the For Sale module and click on the UK Property For Sale *********
2021-10-09 19:39:33,231 [main] INFO Test Lead Alam - ******** Users is able to enter location *********
2021-10-09 19:40:58,432 [main] INFO Test Lead Alam - ******** I am a chrome browser*********
2021-10-09 19:41:06,118 [main] INFO Test Lead Alam - 
2021-10-09 19:41:06,118 [main] INFO Test Lead Alam - ...........START AUTOMATION.............
2021-10-09 19:41:06,119 [main] INFO Test Lead Alam - 
2021-10-09 19:41:08,079 [main] INFO Test Lead Alam - ******** User able to verify successfully login & verify the homepage title *********
2021-10-09 19:41:10,617 [main] INFO Test Lead Alam - ******** Users can hover over the page on the For Sale module and click on the UK Property For Sale *********
2021-10-09 19:41:15,598 [main] INFO Test Lead Alam - ******** Users is able to enter location *********
2021-10-09 20:03:20,321 [main] INFO Test Lead Alam - ******** I am a chrome browser*********
2021-10-09 20:03:26,108 [main] INFO Test Lead Alam - 
2021-10-09 20:03:26,110 [main] INFO Test Lead Alam - ...........START AUTOMATION.............
2021-10-09 20:03:26,110 [main] INFO Test Lead Alam - 
2021-10-09 20:03:28,290 [main] INFO Test Lead Alam - ******** User able to verify successfully login & verify the homepage title *********
2021-10-09 20:03:30,395 [main] INFO Test Lead Alam - ******** Users can hover over the page on the For Sale module and click on the UK Property For Sale *********
2021-10-09 20:03:31,619 [main] INFO Test Lead Alam - ******** Users is able to enter location *********
2021-10-09 21:57:09,678 [main] INFO Test Lead Alam - ******** I am a chrome browser*********
2021-10-10 07:25:36,949 [main] INFO Test Lead Alam - ******** I am a chrome browser*********
2021-10-10 07:25:42,857 [main] INFO Test Lead Alam - 
2021-10-10 07:25:42,857 [main] INFO Test Lead Alam - ...........START AUTOMATION.............
2021-10-10 07:25:42,857 [main] INFO Test Lead Alam - 
2021-10-10 07:25:44,279 [main] INFO Test Lead Alam - ******** User able to verify successfully login & verify the homepage title *********
2021-10-10 07:25:46,344 [main] INFO Test Lead Alam - ******** Users can hover over the page on the For Sale module and click on the UK Property For Sale *********
2021-10-10 07:25:54,264 [main] INFO Test Lead Alam - ******** Users is able to enter location *********
2021-10-10 07:26:13,320 [main] INFO Test Lead Alam - ******** I am a chrome browser*********
2021-10-10 07:26:17,357 [main] INFO Test Lead Alam - 
2021-10-10 07:26:17,358 [main] INFO Test Lead Alam - ...........START AUTOMATION.............
2021-10-10 07:26:17,359 [main] INFO Test Lead Alam - 
2021-10-10 07:26:19,120 [main] INFO Test Lead Alam - ******** User able to verify successfully login & verify the homepage title *********
2021-10-10 07:26:21,261 [main] INFO Test Lead Alam - ******** Users can hover over the page on the For Sale module and click on the UK Property For Sale *********
2021-10-10 07:26:22,602 [main] INFO Test Lead Alam - ******** Users is able to enter location *********
2021-10-10 07:27:33,356 [main] INFO Test Lead Alam - ******** I am a chrome browser*********
2021-10-10 07:27:37,411 [main] INFO Test Lead Alam - 
2021-10-10 07:27:37,412 [main] INFO Test Lead Alam - ...........START AUTOMATION.............
2021-10-10 07:27:37,412 [main] INFO Test Lead Alam - 
2021-10-10 07:27:39,650 [main] INFO Test Lead Alam - ******** User able to verify successfully login & verify the homepage title *********
2021-10-10 07:27:41,733 [main] INFO Test Lead Alam - ******** Users can hover over the page on the For Sale module and click on the UK Property For Sale *********
2021-10-10 07:27:42,983 [main] INFO Test Lead Alam - ******** Users is able to enter location *********
2021-10-10 07:33:00,627 [main] INFO Test Lead Alam - ******** I am a chrome browser*********
2021-10-10 07:33:04,585 [main] INFO Test Lead Alam - 
2021-10-10 07:33:04,585 [main] INFO Test Lead Alam - ...........START AUTOMATION.............
2021-10-10 07:33:04,585 [main] INFO Test Lead Alam - 
2021-10-10 07:33:06,168 [main] INFO Test Lead Alam - ******** User able to verify successfully login & verify the homepage title *********
2021-10-10 07:33:08,241 [main] INFO Test Lead Alam - ******** Users can hover over the page on the For Sale module and click on the UK Property For Sale *********
2021-10-10 07:33:09,255 [main] INFO Test Lead Alam - ******** Users is able to enter location *********
2021-10-10 07:34:12,437 [main] INFO Test Lead Alam - ******** I am a chrome browser*********
2021-10-10 07:34:16,770 [main] INFO Test Lead Alam - 
2021-10-10 07:34:16,770 [main] INFO Test Lead Alam - ...........START AUTOMATION.............
2021-10-10 07:34:16,771 [main] INFO Test Lead Alam - 
2021-10-10 07:34:18,953 [main] INFO Test Lead Alam - ******** User able to verify successfully login & verify the homepage title *********
2021-10-10 07:34:21,051 [main] INFO Test Lead Alam - ******** Users can hover over the page on the For Sale module and click on the UK Property For Sale *********
2021-10-10 07:34:22,547 [main] INFO Test Lead Alam - ******** Users is able to enter location *********
2021-10-10 07:38:13,085 [main] INFO Test Lead Alam - ******** I am a chrome browser*********
2021-10-10 07:38:17,202 [main] INFO Test Lead Alam - 
2021-10-10 07:38:17,202 [main] INFO Test Lead Alam - ...........START AUTOMATION.............
2021-10-10 07:38:17,203 [main] INFO Test Lead Alam - 
2021-10-10 07:38:18,866 [main] INFO Test Lead Alam - ******** User able to verify successfully login & verify the homepage title *********
2021-10-10 07:38:20,976 [main] INFO Test Lead Alam - ******** Users can hover over the page on the For Sale module and click on the UK Property For Sale *********
2021-10-10 07:38:22,235 [main] INFO Test Lead Alam - ******** Users is able to enter location *********
2021-10-10 08:10:10,578 [main] INFO Test Lead Alam - ******** I am a chrome browser*********
2021-10-10 08:10:14,720 [main] INFO Test Lead Alam - 
2021-10-10 08:10:14,721 [main] INFO Test Lead Alam - ...........START AUTOMATION.............
2021-10-10 08:10:14,721 [main] INFO Test Lead Alam - 
2021-10-10 08:10:16,371 [main] INFO Test Lead Alam - ******** User able to verify successfully login & verify the homepage title *********
2021-10-10 08:10:18,476 [main] INFO Test Lead Alam - ******** Users can hover over the page on the For Sale module and click on the UK Property For Sale *********
2021-10-10 08:10:19,834 [main] INFO Test Lead Alam - ******** Users is able to enter location *********
2021-10-10 08:13:46,570 [main] INFO Test Lead Alam - ******** I am a chrome browser*********
2021-10-10 08:13:50,225 [main] INFO Test Lead Alam - 
2021-10-10 08:13:50,225 [main] INFO Test Lead Alam - ...........START AUTOMATION.............
2021-10-10 08:13:50,225 [main] INFO Test Lead Alam - 
2021-10-10 08:13:51,741 [main] INFO Test Lead Alam - ******** User able to verify successfully login & verify the homepage title *********
2021-10-10 08:13:53,831 [main] INFO Test Lead Alam - ******** Users can hover over the page on the For Sale module and click on the UK Property For Sale *********
2021-10-10 08:13:54,977 [main] INFO Test Lead Alam - ******** Users is able to enter location *********
2021-10-10 08:22:55,138 [main] INFO Test Lead Alam - ******** I am a chrome browser*********
2021-10-10 08:22:59,384 [main] INFO Test Lead Alam - 
2021-10-10 08:22:59,385 [main] INFO Test Lead Alam - ...........START AUTOMATION.............
2021-10-10 08:22:59,385 [main] INFO Test Lead Alam - 
2021-10-10 08:23:01,288 [main] INFO Test Lead Alam - ******** User able to verify successfully login & verify the homepage title *********
2021-10-10 08:23:03,382 [main] INFO Test Lead Alam - ******** Users can hover over the page on the For Sale module and click on the UK Property For Sale *********
2021-10-10 08:23:04,569 [main] INFO Test Lead Alam - ******** Users is able to enter location *********
2021-10-10 08:24:43,765 [main] INFO Test Lead Alam - ******** I am a chrome browser*********
2021-10-10 08:24:47,876 [main] INFO Test Lead Alam - 
2021-10-10 08:24:47,876 [main] INFO Test Lead Alam - ...........START AUTOMATION.............
2021-10-10 08:24:47,877 [main] INFO Test Lead Alam - 
2021-10-10 08:24:49,482 [main] INFO Test Lead Alam - ******** User able to verify successfully login & verify the homepage title *********
2021-10-10 08:24:51,569 [main] INFO Test Lead Alam - ******** Users can hover over the page on the For Sale module and click on the UK Property For Sale *********
2021-10-10 08:24:52,917 [main] INFO Test Lead Alam - ******** Users is able to enter location *********
2021-10-10 08:25:17,632 [main] INFO Test Lead Alam - ******** I am a chrome browser*********
2021-10-10 08:25:21,341 [main] INFO Test Lead Alam - 
2021-10-10 08:25:21,342 [main] INFO Test Lead Alam - ...........START AUTOMATION.............
2021-10-10 08:25:21,343 [main] INFO Test Lead Alam - 
2021-10-10 08:25:23,342 [main] INFO Test Lead Alam - ******** User able to verify successfully login & verify the homepage title *********
2021-10-10 08:25:25,456 [main] INFO Test Lead Alam - ******** Users can hover over the page on the For Sale module and click on the UK Property For Sale *********
2021-10-10 08:25:26,817 [main] INFO Test Lead Alam - ******** Users is able to enter location *********
2021-10-10 08:27:08,174 [main] INFO Test Lead Alam - ******** I am a chrome browser*********
2021-10-10 08:27:12,171 [main] INFO Test Lead Alam - 
2021-10-10 08:27:12,172 [main] INFO Test Lead Alam - ...........START AUTOMATION.............
2021-10-10 08:27:12,172 [main] INFO Test Lead Alam - 
2021-10-10 08:27:13,949 [main] INFO Test Lead Alam - ******** User able to verify successfully login & verify the homepage title *********
2021-10-10 08:27:16,032 [main] INFO Test Lead Alam - ******** Users can hover over the page on the For Sale module and click on the UK Property For Sale *********
2021-10-10 08:27:17,383 [main] INFO Test Lead Alam - ******** Users is able to enter location *********
2021-10-13 14:57:36,038 [main] INFO Test Lead Alam - ******** I am a chrome browser*********
2021-10-13 14:57:46,478 [main] INFO Test Lead Alam - 
2021-10-13 14:57:46,478 [main] INFO Test Lead Alam - ...........START AUTOMATION.............
2021-10-13 14:57:46,479 [main] INFO Test Lead Alam - 
2021-10-13 14:57:54,267 [main] INFO Test Lead Alam - ******** User able to verify successfully login & verify the homepage title *********
2021-10-13 14:58:05,176 [main] INFO Test Lead Alam - ******** Users can hover over the page on the For Sale module and click on the UK Property For Sale *********
2021-10-13 14:58:07,450 [main] INFO Test Lead Alam - ******** Users is able to enter location *********
2021-10-13 18:09:42,688 [TestNG-tests-2] INFO Test Lead Alam - ******** Users is able to enter location *********
2021-10-13 18:09:42,688 [TestNG-tests-3] INFO Test Lead Alam - ******** Users is able to enter location *********
2021-10-13 18:09:42,688 [TestNG-tests-1] INFO Test Lead Alam - ******** Users is able to enter location *********
2021-10-13 18:16:49,507 [TestNG-tests-3] INFO Test Lead Alam - ******** Users is able to enter location *********
2021-10-13 18:16:49,507 [TestNG-tests-2] INFO Test Lead Alam - ******** Users is able to enter location *********
2021-10-13 18:16:49,507 [TestNG-tests-1] INFO Test Lead Alam - ******** Users is able to enter location *********
2021-10-13 18:18:01,761 [TestNG-tests-2] INFO Test Lead Alam - ******** Users is able to enter location *********
2021-10-13 18:18:01,761 [TestNG-tests-1] INFO Test Lead Alam - ******** Users is able to enter location *********
2021-10-13 18:18:01,761 [TestNG-tests-3] INFO Test Lead Alam - ******** Users is able to enter location *********
2021-10-13 18:18:28,924 [TestNG-tests-2] INFO Test Lead Alam - ******** Users is able to enter location *********
2021-10-13 18:18:28,924 [TestNG-tests-3] INFO Test Lead Alam - ******** Users is able to enter location *********
2021-10-13 18:18:28,924 [TestNG-tests-1] INFO Test Lead Alam - ******** Users is able to enter location *********
2021-10-13 18:28:46,954 [main] INFO Test Lead Alam - ******** Test Execute on Chrome Browser  *********
2021-10-13 18:28:50,756 [main] INFO Test Lead Alam - ******** Test Execute on Edge Browser  *********
2021-10-13 18:28:54,098 [main] INFO Test Lead Alam - ******** Test Execute on Safari Browser  *********
2021-10-13 19:29:34,397 [main] INFO Test Lead Alam - ******** I am a chrome browser*********
2021-10-13 19:29:39,593 [main] INFO Test Lead Alam - 
2021-10-13 19:29:39,594 [main] INFO Test Lead Alam - ...........START AUTOMATION.............
2021-10-13 19:29:39,594 [main] INFO Test Lead Alam - 
2021-10-13 19:29:41,284 [main] INFO Test Lead Alam - ******** User able to verify successfully login & verify the homepage title *********
2021-10-13 19:29:43,409 [main] INFO Test Lead Alam - ******** Users can hover over the page on the For Sale module and click on the UK Property For Sale *********
2021-10-13 19:29:50,935 [main] INFO Test Lead Alam - ******** Users is able to enter location *********
2021-10-13 19:42:42,389 [main] INFO Test Lead Alam - ******** I am a chrome browser*********
2021-10-13 19:42:46,720 [main] INFO Test Lead Alam - 
2021-10-13 19:42:46,721 [main] INFO Test Lead Alam - ...........START AUTOMATION.............
2021-10-13 19:42:46,721 [main] INFO Test Lead Alam - 
2021-10-13 19:42:48,472 [main] INFO Test Lead Alam - ******** User able to verify successfully login & verify the homepage title *********
2021-10-13 19:42:50,569 [main] INFO Test Lead Alam - ******** Users can hover over the page on the For Sale module and click on the UK Property For Sale *********
2021-10-13 19:42:52,915 [main] INFO Test Lead Alam - ******** Users is able to enter location *********
2021-10-13 19:45:32,352 [main] INFO Test Lead Alam - ******** I am a chrome browser*********
2021-10-13 19:45:36,756 [main] INFO Test Lead Alam - 
2021-10-13 19:45:36,756 [main] INFO Test Lead Alam - ...........START AUTOMATION.............
2021-10-13 19:45:36,757 [main] INFO Test Lead Alam - 
2021-10-13 19:45:38,469 [main] INFO Test Lead Alam - ******** User able to verify successfully login & verify the homepage title *********
2021-10-13 19:45:40,586 [main] INFO Test Lead Alam - ******** Users can hover over the page on the For Sale module and click on the UK Property For Sale *********
2021-10-13 19:45:41,912 [main] INFO Test Lead Alam - ******** Users is able to enter location *********
2021-10-13 19:47:12,852 [main] INFO Test Lead Alam - ******** I am a chrome browser*********
2021-10-13 19:47:17,572 [main] INFO Test Lead Alam - 
2021-10-13 19:47:17,573 [main] INFO Test Lead Alam - ...........START AUTOMATION.............
2021-10-13 19:47:17,573 [main] INFO Test Lead Alam - 
2021-10-13 19:47:19,579 [main] INFO Test Lead Alam - ******** User able to verify successfully login & verify the homepage title *********
2021-10-13 19:47:21,696 [main] INFO Test Lead Alam - ******** Users can hover over the page on the For Sale module and click on the UK Property For Sale *********
2021-10-13 19:47:23,333 [main] INFO Test Lead Alam - ******** Users is able to enter location *********
2021-10-13 19:49:07,434 [main] INFO Test Lead Alam - ******** I am a chrome browser*********
2021-10-13 19:49:11,664 [main] INFO Test Lead Alam - 
2021-10-13 19:49:11,664 [main] INFO Test Lead Alam - ...........START AUTOMATION.............
2021-10-13 19:49:11,665 [main] INFO Test Lead Alam - 
2021-10-13 19:49:13,448 [main] INFO Test Lead Alam - ******** User able to verify successfully login & verify the homepage title *********
2021-10-13 19:49:15,549 [main] INFO Test Lead Alam - ******** Users can hover over the page on the For Sale module and click on the UK Property For Sale *********
2021-10-13 19:49:17,025 [main] INFO Test Lead Alam - ******** Users is able to enter location *********
2021-10-13 19:50:23,071 [main] INFO Test Lead Alam - ******** I am a chrome browser*********
2021-10-13 19:50:28,421 [main] INFO Test Lead Alam - 
2021-10-13 19:50:28,421 [main] INFO Test Lead Alam - ...........START AUTOMATION.............
2021-10-13 19:50:28,422 [main] INFO Test Lead Alam - 
2021-10-13 19:50:30,151 [main] INFO Test Lead Alam - ******** User able to verify successfully login & verify the homepage title *********
2021-10-13 19:50:32,246 [main] INFO Test Lead Alam - ******** Users can hover over the page on the For Sale module and click on the UK Property For Sale *********
2021-10-13 19:50:33,811 [main] INFO Test Lead Alam - ******** Users is able to enter location *********
2021-10-13 19:52:18,293 [main] INFO Test Lead Alam - ******** I am a chrome browser*********
2021-10-13 19:52:22,840 [main] INFO Test Lead Alam - 
2021-10-13 19:52:22,841 [main] INFO Test Lead Alam - ...........START AUTOMATION.............
2021-10-13 19:52:22,841 [main] INFO Test Lead Alam - 
2021-10-13 19:52:25,022 [main] INFO Test Lead Alam - ******** User able to verify successfully login & verify the homepage title *********
2021-10-13 19:52:27,117 [main] INFO Test Lead Alam - ******** Users can hover over the page on the For Sale module and click on the UK Property For Sale *********
2021-10-13 19:52:28,672 [main] INFO Test Lead Alam - ******** Users is able to enter location *********
2021-10-13 19:53:59,774 [main] INFO Test Lead Alam - ******** I am a chrome browser*********
2021-10-13 19:54:04,749 [main] INFO Test Lead Alam - 
2021-10-13 19:54:04,749 [main] INFO Test Lead Alam - ...........START AUTOMATION.............
2021-10-13 19:54:04,750 [main] INFO Test Lead Alam - 
2021-10-13 19:54:06,935 [main] INFO Test Lead Alam - ******** User able to verify successfully login & verify the homepage title *********
2021-10-13 19:54:09,038 [main] INFO Test Lead Alam - ******** Users can hover over the page on the For Sale module and click on the UK Property For Sale *********
2021-10-13 19:54:10,444 [main] INFO Test Lead Alam - ******** Users is able to enter location *********
2021-10-13 19:55:05,116 [main] INFO Test Lead Alam - ******** I am a chrome browser*********
2021-10-13 19:55:09,864 [main] INFO Test Lead Alam - 
2021-10-13 19:55:09,865 [main] INFO Test Lead Alam - ...........START AUTOMATION.............
2021-10-13 19:55:09,865 [main] INFO Test Lead Alam - 
2021-10-13 19:55:11,706 [main] INFO Test Lead Alam - ******** User able to verify successfully login & verify the homepage title *********
2021-10-13 19:55:13,796 [main] INFO Test Lead Alam - ******** Users can hover over the page on the For Sale module and click on the UK Property For Sale *********
2021-10-13 19:55:15,217 [main] INFO Test Lead Alam - ******** Users is able to enter location *********
2021-10-14 20:04:45,759 [main] INFO Test Lead Alam - ******** I am a chrome browser*********
2021-10-14 20:04:50,319 [main] INFO Test Lead Alam - 
2021-10-14 20:04:50,321 [main] INFO Test Lead Alam - ...........START AUTOMATION.............
2021-10-14 20:04:50,322 [main] INFO Test Lead Alam - 
2021-10-14 20:04:52,351 [main] INFO Test Lead Alam - ******** User able to verify successfully login & verify the homepage title *********
2021-10-14 20:04:54,444 [main] INFO Test Lead Alam - ******** Users can hover over the page on the For Sale module and click on the UK Property For Sale *********
2021-10-14 20:04:56,455 [main] INFO Test Lead Alam - ******** Users is able to enter location *********
2021-10-14 23:14:26,826 [main] INFO Test Lead Alam - ******** I am a chrome browser*********
2021-10-14 23:15:10,561 [main] INFO Test Lead Alam - ******** I am a chrome browser*********
2021-10-14 23:15:15,583 [main] INFO Test Lead Alam - 
2021-10-14 23:15:15,584 [main] INFO Test Lead Alam - ...........START AUTOMATION.............
2021-10-14 23:15:15,584 [main] INFO Test Lead Alam - 
2021-10-14 23:15:17,295 [main] INFO Test Lead Alam - ******** User able to verify successfully login & verify the homepage title *********
2021-10-14 23:15:19,365 [main] INFO Test Lead Alam - ******** Users can hover over the page on the For Sale module and click on the UK Property For Sale *********
2021-10-14 23:15:20,375 [main] INFO Test Lead Alam - ******** Users is able to enter location *********
2021-10-14 23:16:52,843 [main] INFO Test Lead Alam - ******** I am a chrome browser*********
2021-10-14 23:16:56,622 [main] INFO Test Lead Alam - 
2021-10-14 23:16:56,624 [main] INFO Test Lead Alam - ...........START AUTOMATION.............
2021-10-14 23:16:56,624 [main] INFO Test Lead Alam - 
2021-10-14 23:16:58,223 [main] INFO Test Lead Alam - ******** User able to verify successfully login & verify the homepage title *********
2021-10-14 23:17:00,343 [main] INFO Test Lead Alam - ******** Users can hover over the page on the For Sale module and click on the UK Property For Sale *********
2021-10-14 23:17:01,575 [main] INFO Test Lead Alam - ******** Users is able to enter location *********
2021-10-14 23:17:08,692 [main] INFO Test Lead Alam - 
2021-10-14 23:17:08,692 [main] INFO Test Lead Alam - ...........END AUTOMATION.............
2021-10-14 23:17:08,692 [main] INFO Test Lead Alam - 
2021-10-15 19:13:03,094 [main] INFO Test Lead Alam - ******** I am a chrome browser*********
2021-10-15 19:13:06,853 [main] INFO Test Lead Alam - 
2021-10-15 19:13:06,853 [main] INFO Test Lead Alam - ...........START AUTOMATION.............
2021-10-15 19:13:06,854 [main] INFO Test Lead Alam - 
2021-10-16 15:21:55,682 [main] INFO Test Lead Alam - ******** I am a chrome browser*********
2021-10-16 15:22:02,882 [main] INFO Test Lead Alam - 
2021-10-16 15:22:02,883 [main] INFO Test Lead Alam - ...........START AUTOMATION.............
2021-10-16 15:22:02,884 [main] INFO Test Lead Alam - 
2021-10-16 15:22:05,349 [main] INFO Test Lead Alam - ******** User able to verify successfully login & verify the homepage title *********
2021-10-16 15:22:07,547 [main] INFO Test Lead Alam - ******** Users can hover over the page on the For Sale module and click on the UK Property For Sale *********
2021-10-16 15:22:09,442 [main] INFO Test Lead Alam - ******** Users is able to enter location *********
2021-10-16 15:22:23,203 [main] INFO Test Lead Alam - 
2021-10-16 15:22:23,205 [main] INFO Test Lead Alam - ...........END AUTOMATION.............
2021-10-16 15:22:23,205 [main] INFO Test Lead Alam - 
2021-10-16 15:30:43,004 [main] INFO Test Lead Alam - ******** I am a chrome browser*********
2021-10-16 15:30:50,601 [main] INFO Test Lead Alam - 
2021-10-16 15:30:50,602 [main] INFO Test Lead Alam - ...........START AUTOMATION.............
2021-10-16 15:30:50,603 [main] INFO Test Lead Alam - 
2021-10-16 15:30:53,826 [main] INFO Test Lead Alam - ******** User able to verify successfully login & verify the homepage title *********
2021-10-16 15:30:57,155 [main] INFO Test Lead Alam - ******** Users can hover over the page on the For Sale module and click on the UK Property For Sale *********
2021-10-16 15:30:59,287 [main] INFO Test Lead Alam - ******** Users is able to enter location *********
2021-10-16 15:31:21,068 [main] INFO Test Lead Alam - 
2021-10-16 15:31:21,070 [main] INFO Test Lead Alam - ...........END AUTOMATION.............
2021-10-16 15:31:21,071 [main] INFO Test Lead Alam - 
2021-10-16 15:31:56,150 [main] INFO Test Lead Alam - ******** I am a chrome browser*********
2021-10-16 15:32:20,312 [main] INFO Test Lead Alam - 
2021-10-16 15:32:20,314 [main] INFO Test Lead Alam - ...........END AUTOMATION.............
2021-10-16 15:32:20,314 [main] INFO Test Lead Alam - 
2021-10-16 15:33:34,565 [main] INFO Test Lead Alam - ******** I am a chrome browser*********
2021-10-16 15:33:42,109 [main] INFO Test Lead Alam - 
2021-10-16 15:33:42,110 [main] INFO Test Lead Alam - ...........START AUTOMATION.............
2021-10-16 15:33:42,110 [main] INFO Test Lead Alam - 
2021-10-16 15:33:48,198 [main] INFO Test Lead Alam - ******** User able to verify successfully login & verify the homepage title *********
2021-10-16 15:33:51,269 [main] INFO Test Lead Alam - ******** Users can hover over the page on the For Sale module and click on the UK Property For Sale *********
2021-10-16 15:33:54,088 [main] INFO Test Lead Alam - ******** Users is able to enter location *********
2021-10-16 15:34:15,516 [main] INFO Test Lead Alam - 
2021-10-16 15:34:15,519 [main] INFO Test Lead Alam - ...........END AUTOMATION.............
2021-10-16 15:34:15,520 [main] INFO Test Lead Alam - 
2021-10-19 23:05:52,338 [main] INFO Test Lead Alam - ******** I am a chrome browser*********
2021-10-19 23:05:58,661 [main] INFO Test Lead Alam - 
2021-10-19 23:05:58,662 [main] INFO Test Lead Alam - ...........START AUTOMATION.............
2021-10-19 23:05:58,663 [main] INFO Test Lead Alam - 
2021-10-19 23:06:00,810 [main] INFO Test Lead Alam - ******** User able to verify successfully login & verify the homepage title *********
2021-10-19 23:06:02,913 [main] INFO Test Lead Alam - ******** Users can hover over the page on the For Sale module and click on the UK Property For Sale *********
2021-10-19 23:06:04,176 [main] INFO Test Lead Alam - ******** Users is able to enter location *********
2021-10-19 23:06:14,451 [main] INFO Test Lead Alam - 
2021-10-19 23:06:14,453 [main] INFO Test Lead Alam - ...........END AUTOMATION.............
2021-10-19 23:06:14,454 [main] INFO Test Lead Alam - 
2021-10-20 18:46:46,210 [main] INFO Test Lead Alam - ******** I am a chrome browser*********
2021-10-20 18:46:51,967 [main] INFO Test Lead Alam - 
2021-10-20 18:46:51,968 [main] INFO Test Lead Alam - ...........START AUTOMATION.............
2021-10-20 18:46:51,968 [main] INFO Test Lead Alam - 
2021-10-20 18:46:53,896 [main] INFO Test Lead Alam - ******** User able to verify successfully login & verify the homepage title *********
2021-10-20 18:46:55,967 [main] INFO Test Lead Alam - ******** Users can hover over the page on the For Sale module and click on the UK Property For Sale *********
2021-10-20 18:46:57,770 [main] INFO Test Lead Alam - ******** Users is able to enter location *********
2021-10-20 18:47:07,597 [main] INFO Test Lead Alam - 
2021-10-20 18:47:07,597 [main] INFO Test Lead Alam - ...........END AUTOMATION.............
2021-10-20 18:47:07,598 [main] INFO Test Lead Alam - 
2021-10-20 18:47:48,068 [main] INFO Test Lead Alam - ******** I am a chrome browser*********
2021-10-20 18:47:52,549 [main] INFO Test Lead Alam - 
2021-10-20 18:47:52,550 [main] INFO Test Lead Alam - ...........START AUTOMATION.............
2021-10-20 18:47:52,550 [main] INFO Test Lead Alam - 
2021-10-20 18:47:54,899 [main] INFO Test Lead Alam - ******** User able to verify successfully login & verify the homepage title *********
2021-10-20 18:47:56,968 [main] INFO Test Lead Alam - ******** Users can hover over the page on the For Sale module and click on the UK Property For Sale *********
2021-10-20 18:47:58,593 [main] INFO Test Lead Alam - ******** Users is able to enter location *********
2021-10-20 18:48:05,699 [main] INFO Test Lead Alam - 
2021-10-20 18:48:05,700 [main] INFO Test Lead Alam - ...........END AUTOMATION.............
2021-10-20 18:48:05,700 [main] INFO Test Lead Alam - 
2021-10-23 12:53:22,215 [main] INFO Test Lead Alam - ******** I am a chrome browser*********
2021-10-23 12:53:27,262 [main] INFO Test Lead Alam - 
2021-10-23 12:53:27,263 [main] INFO Test Lead Alam - ...........START AUTOMATION.............
2021-10-23 12:53:27,263 [main] INFO Test Lead Alam - 
2021-10-23 12:53:29,039 [main] INFO Test Lead Alam - ******** User able to verify successfully login & verify the homepage title *********
2021-10-23 12:53:31,124 [main] INFO Test Lead Alam - ******** Users can hover over the page on the For Sale module and click on the UK Property For Sale *********
2021-10-23 12:53:32,348 [main] INFO Test Lead Alam - ******** Users is able to enter location *********
2021-10-23 12:53:40,476 [main] INFO Test Lead Alam - 
2021-10-23 12:53:40,476 [main] INFO Test Lead Alam - ...........END AUTOMATION.............
2021-10-23 12:53:40,476 [main] INFO Test Lead Alam - 
2021-10-23 20:44:39,065 [main] INFO Test Lead Alam - ******** I am a chrome browser*********
2021-10-23 20:46:57,744 [main] INFO Test Lead Alam - ******** I am a chrome browser*********
2021-10-23 21:24:16,390 [main] INFO Test Lead Alam - ******** I am a chrome browser*********
2021-10-27 13:53:26,581 [main] INFO Test Lead Alam - ******** I am a chrome browser*********
2021-10-27 13:53:30,797 [main] INFO Test Lead Alam - 
2021-10-27 13:53:30,798 [main] INFO Test Lead Alam - ...........START AUTOMATION.............
2021-10-27 13:53:30,798 [main] INFO Test Lead Alam - 
2021-10-27 13:53:32,776 [main] INFO Test Lead Alam - ******** User able to verify successfully login & verify the homepage title *********
2021-10-27 13:53:34,875 [main] INFO Test Lead Alam - ******** Users can hover over the page on the For Sale module and click on the UK Property For Sale *********
2021-10-27 13:53:43,951 [main] INFO Test Lead Alam - ******** Users is able to enter location *********
2021-10-27 13:53:52,644 [main] INFO Test Lead Alam - 
2021-10-27 13:53:52,647 [main] INFO Test Lead Alam - ...........END AUTOMATION.............
2021-10-27 13:53:52,648 [main] INFO Test Lead Alam - 
2021-10-29 22:07:46,729 [TestNG-tests-1] INFO Test Lead Alam - ******** Test Execute on Chrome Browser  *********
2021-10-29 22:07:46,729 [TestNG-tests-3] INFO Test Lead Alam - ******** Test Execute on Safari Browser  *********
2021-10-29 22:07:46,729 [TestNG-tests-2] INFO Test Lead Alam - ******** Test Execute on Edge Browser  *********
2021-10-30 16:29:32,402 [TestNG-tests-1] INFO Test Lead Alam - ******** Test Execute on Chrome Browser  *********
2021-10-30 16:29:32,402 [TestNG-tests-2] INFO Test Lead Alam - ******** Test Execute on Edge Browser  *********
2021-10-30 16:29:32,402 [TestNG-tests-3] INFO Test Lead Alam - ******** Test Execute on Safari Browser  *********
2021-11-02 22:58:16,277 [main] INFO Test Lead Alam - ******** I am a chrome browser*********
2021-11-02 22:58:23,371 [main] INFO Test Lead Alam - 
2021-11-02 22:58:23,372 [main] INFO Test Lead Alam - ...........START AUTOMATION.............
2021-11-02 22:58:23,372 [main] INFO Test Lead Alam - 
2021-11-02 22:58:26,421 [main] INFO Test Lead Alam - ******** User able to verify successfully login & verify the homepage title *********
2021-11-02 22:58:28,522 [main] INFO Test Lead Alam - ******** Users can hover over the page on the For Sale module and click on the UK Property For Sale *********
2021-11-02 22:58:32,752 [main] INFO Test Lead Alam - ******** Users is able to enter location *********
2021-11-02 22:58:53,493 [main] INFO Test Lead Alam - 
2021-11-02 22:58:53,494 [main] INFO Test Lead Alam - ...........END AUTOMATION.............
2021-11-02 22:58:53,495 [main] INFO Test Lead Alam - 
2021-11-03 18:52:46,013 [main] INFO Test Lead Alam - ******** I am a chrome browser*********
2021-11-03 18:52:51,516 [main] INFO Test Lead Alam - 
2021-11-03 18:52:51,517 [main] INFO Test Lead Alam - ...........START AUTOMATION.............
2021-11-03 18:52:51,517 [main] INFO Test Lead Alam - 
2021-11-03 18:52:53,686 [main] INFO Test Lead Alam - ******** User able to verify successfully login & verify the homepage title *********
2021-11-03 18:52:56,353 [main] INFO Test Lead Alam - ******** Users can hover over the page on the For Sale module and click on the UK Property For Sale *********
2021-11-03 18:52:57,362 [main] INFO Test Lead Alam - ******** Users is able to enter location *********
2021-11-03 18:53:15,564 [main] INFO Test Lead Alam - 
2021-11-03 18:53:15,564 [main] INFO Test Lead Alam - ...........END AUTOMATION.............
2021-11-03 18:53:15,565 [main] INFO Test Lead Alam - 
2021-11-10 20:02:15,717 [main] INFO Test Lead Alam - ******** I am a chrome browser*********
2021-11-10 20:02:20,024 [main] INFO Test Lead Alam - 
2021-11-10 20:02:20,024 [main] INFO Test Lead Alam - ...........START AUTOMATION.............
2021-11-10 20:02:20,025 [main] INFO Test Lead Alam - 
2021-11-10 20:02:22,302 [main] INFO Test Lead Alam - ******** User able to verify successfully login & verify the homepage title *********
2021-11-10 20:02:24,606 [main] INFO Test Lead Alam - ******** Users can hover over the page on the For Sale module and click on the UK Property For Sale *********
2021-11-10 20:02:25,996 [main] INFO Test Lead Alam - ******** Users is able to enter location *********
2021-11-10 20:02:32,214 [main] INFO Test Lead Alam - 
2021-11-10 20:02:32,216 [main] INFO Test Lead Alam - ...........END AUTOMATION.............
2021-11-10 20:02:32,217 [main] INFO Test Lead Alam - 
2021-12-10 21:36:51,401 [main] INFO Test Lead Alam - ******** I am a chrome browser*********
2021-12-10 21:36:58,264 [main] INFO Test Lead Alam - 
2021-12-10 21:36:58,264 [main] INFO Test Lead Alam - ...........START AUTOMATION.............
2021-12-10 21:36:58,265 [main] INFO Test Lead Alam - 
2021-12-10 21:37:00,319 [main] INFO Test Lead Alam - ******** User able to verify successfully login & verify the homepage title *********
2021-12-10 21:37:04,724 [main] INFO Test Lead Alam - 
2021-12-10 21:37:04,725 [main] INFO Test Lead Alam - ...........END AUTOMATION.............
2021-12-10 21:37:04,725 [main] INFO Test Lead Alam - 
2022-01-04 12:04:44,208 [main] INFO Test Lead Alam - ******** I am a chrome browser*********
2022-01-04 12:04:46,272 [main] INFO io.github.bonigarcia.wdm.WebDriverManager - Using chromedriver 96.0.4664.45 (resolved driver for Chrome 96)
2022-01-04 12:04:46,336 [main] INFO io.github.bonigarcia.wdm.WebDriverManager - Exporting webdriver.chrome.driver as /Users/mohammedalam/.cache/selenium/chromedriver/mac64/96.0.4664.45/chromedriver
2022-01-04 12:04:50,919 [main] INFO Test Lead Alam - 
2022-01-04 12:04:50,919 [main] INFO Test Lead Alam - ...........START AUTOMATION.............
2022-01-04 12:04:50,919 [main] INFO Test Lead Alam - 
2022-01-04 12:05:21,078 [main] INFO Test Lead Alam - ******** I am a chrome browser*********
2022-01-04 12:05:21,427 [main] INFO io.github.bonigarcia.wdm.WebDriverManager - Using chromedriver 96.0.4664.45 (resolved driver for Chrome 96)
2022-01-04 12:05:21,444 [main] INFO io.github.bonigarcia.wdm.WebDriverManager - Exporting webdriver.chrome.driver as /Users/mohammedalam/.cache/selenium/chromedriver/mac64/96.0.4664.45/chromedriver
2022-01-04 12:05:25,160 [main] INFO Test Lead Alam - 
2022-01-04 12:05:25,160 [main] INFO Test Lead Alam - ...........START AUTOMATION.............
2022-01-04 12:05:25,161 [main] INFO Test Lead Alam - 
2022-01-04 12:05:26,684 [main] INFO Test Lead Alam - ******** User able to verify successfully login & verify the homepage title *********
2022-01-04 12:05:29,205 [main] INFO Test Lead Alam - 
2022-01-04 12:05:29,206 [main] INFO Test Lead Alam - ...........END AUTOMATION.............
2022-01-04 12:05:29,206 [main] INFO Test Lead Alam - 
2022-01-04 12:08:17,840 [main] INFO Test Lead Alam - ******** I am a chrome browser*********
2022-01-04 12:08:18,231 [main] INFO io.github.bonigarcia.wdm.WebDriverManager - Using chromedriver 96.0.4664.45 (resolved driver for Chrome 96)
2022-01-04 12:08:18,247 [main] INFO io.github.bonigarcia.wdm.WebDriverManager - Exporting webdriver.chrome.driver as /Users/mohammedalam/.cache/selenium/chromedriver/mac64/96.0.4664.45/chromedriver
2022-01-04 12:08:21,822 [main] INFO Test Lead Alam - 
2022-01-04 12:08:21,822 [main] INFO Test Lead Alam - ...........START AUTOMATION.............
2022-01-04 12:08:21,822 [main] INFO Test Lead Alam - 
2022-01-04 12:08:23,902 [main] INFO Test Lead Alam - ******** User able to verify successfully login & verify the homepage title *********
2022-01-04 12:08:26,517 [main] INFO Test Lead Alam - 
2022-01-04 12:08:26,517 [main] INFO Test Lead Alam - ...........END AUTOMATION.............
2022-01-04 12:08:26,517 [main] INFO Test Lead Alam - 
2022-01-04 16:04:55,184 [main] INFO Test Lead Alam - ******** I am a chrome browser*********
2022-01-04 16:04:57,037 [main] INFO io.github.bonigarcia.wdm.WebDriverManager - Using chromedriver 96.0.4664.45 (resolved driver for Chrome 96)
2022-01-04 16:04:57,119 [main] INFO io.github.bonigarcia.wdm.WebDriverManager - Exporting webdriver.chrome.driver as /Users/mohammedalam/.cache/selenium/chromedriver/mac64/96.0.4664.45/chromedriver
2022-01-04 16:05:05,684 [main] INFO Test Lead Alam - 
2022-01-04 16:05:05,685 [main] INFO Test Lead Alam - ...........START AUTOMATION.............
2022-01-04 16:05:05,686 [main] INFO Test Lead Alam - 
2022-01-04 16:05:09,841 [main] INFO Test Lead Alam - ******** User able to verify successfully login & verify the homepage title *********
2022-01-04 16:05:12,000 [main] INFO Test Lead Alam - ******** Users can hover over the page on the For Sale module and click on the UK Property For Sale *********
2022-01-04 16:05:15,906 [main] INFO Test Lead Alam - ******** Users is able to enter location *********
2022-01-04 16:05:56,157 [main] INFO Test Lead Alam - 
2022-01-04 16:05:56,158 [main] INFO Test Lead Alam - ...........END AUTOMATION.............
2022-01-04 16:05:56,159 [main] INFO Test Lead Alam - 
2022-01-04 16:07:51,823 [main] INFO Test Lead Alam - ******** I am a chrome browser*********
2022-01-04 16:07:53,840 [main] INFO io.github.bonigarcia.wdm.WebDriverManager - Using chromedriver 96.0.4664.45 (resolved driver for Chrome 96)
2022-01-04 16:07:53,888 [main] INFO io.github.bonigarcia.wdm.WebDriverManager - Exporting webdriver.chrome.driver as /Users/mohammedalam/.cache/selenium/chromedriver/mac64/96.0.4664.45/chromedriver
2022-01-04 16:08:03,322 [main] INFO Test Lead Alam - 
2022-01-04 16:08:03,323 [main] INFO Test Lead Alam - ...........START AUTOMATION.............
2022-01-04 16:08:03,323 [main] INFO Test Lead Alam - 
2022-01-04 16:08:06,819 [main] INFO Test Lead Alam - ******** User able to verify successfully login & verify the homepage title *********
2022-01-04 16:08:09,689 [main] INFO Test Lead Alam - 
2022-01-04 16:08:09,690 [main] INFO Test Lead Alam - ...........END AUTOMATION.............
2022-01-04 16:08:09,690 [main] INFO Test Lead Alam - 
2022-01-04 16:11:16,667 [main] INFO Test Lead Alam - ******** I am a chrome browser*********
2022-01-04 16:11:18,618 [main] INFO io.github.bonigarcia.wdm.WebDriverManager - Using chromedriver 96.0.4664.45 (resolved driver for Chrome 96)
2022-01-04 16:11:18,666 [main] INFO io.github.bonigarcia.wdm.WebDriverManager - Exporting webdriver.chrome.driver as /Users/mohammedalam/.cache/selenium/chromedriver/mac64/96.0.4664.45/chromedriver
2022-01-04 16:11:29,128 [main] INFO Test Lead Alam - 
2022-01-04 16:11:29,129 [main] INFO Test Lead Alam - ...........START AUTOMATION.............
2022-01-04 16:11:29,130 [main] INFO Test Lead Alam - 
2022-01-04 16:11:33,269 [main] INFO Test Lead Alam - ******** User able to verify successfully login & verify the homepage title *********
2022-01-04 16:11:35,698 [main] INFO Test Lead Alam - ******** Users can hover over the page on the For Sale module and click on the UK Property For Sale *********
2022-01-04 16:11:37,508 [main] INFO Test Lead Alam - ******** Users is able to enter location *********
2022-01-04 16:12:13,595 [main] INFO Test Lead Alam - 
2022-01-04 16:12:13,596 [main] INFO Test Lead Alam - ...........END AUTOMATION.............
2022-01-04 16:12:13,596 [main] INFO Test Lead Alam - 
2022-03-12 11:25:25,150 [main] INFO Test Lead Alam - ******** I am a chrome browser*********
2022-03-12 11:25:27,399 [main] INFO io.github.bonigarcia.wdm.WebDriverManager - Using chromedriver 99.0.4844.51 (resolved driver for Chrome 99)
2022-03-12 11:25:27,513 [main] INFO io.github.bonigarcia.wdm.WebDriverManager - Reading https://chromedriver.storage.googleapis.com/ to seek chromedriver
2022-03-12 11:25:28,052 [main] INFO io.github.bonigarcia.wdm.online.Downloader - Downloading https://chromedriver.storage.googleapis.com/99.0.4844.51/chromedriver_mac64.zip
2022-03-12 11:25:28,756 [main] INFO io.github.bonigarcia.wdm.online.Downloader - Extracting driver from compressed file chromedriver_mac64.zip
2022-03-12 11:25:29,232 [main] INFO io.github.bonigarcia.wdm.WebDriverManager - Exporting webdriver.chrome.driver as /Users/mohammedalam/.cache/selenium/chromedriver/mac64/99.0.4844.51/chromedriver
2022-03-12 11:25:36,025 [main] INFO Test Lead Alam - 
2022-03-12 11:25:36,027 [main] INFO Test Lead Alam - ...........START AUTOMATION.............
2022-03-12 11:25:36,028 [main] INFO Test Lead Alam - 
2022-03-12 11:25:40,818 [main] INFO Test Lead Alam - 
2022-03-12 11:25:40,818 [main] INFO Test Lead Alam - ...........END AUTOMATION.............
2022-03-12 11:25:40,819 [main] INFO Test Lead Alam - 
2022-03-12 11:28:43,086 [main] INFO Test Lead Alam - ******** I am a chrome browser*********
2022-03-12 11:28:43,914 [main] INFO io.github.bonigarcia.wdm.WebDriverManager - Using chromedriver 99.0.4844.51 (resolved driver for Chrome 99)
2022-03-12 11:28:43,946 [main] INFO io.github.bonigarcia.wdm.WebDriverManager - Exporting webdriver.chrome.driver as /Users/mohammedalam/.cache/selenium/chromedriver/mac64/99.0.4844.51/chromedriver
2022-03-12 11:28:49,288 [main] INFO Test Lead Alam - 
2022-03-12 11:28:49,289 [main] INFO Test Lead Alam - ...........START AUTOMATION.............
2022-03-12 11:28:49,290 [main] INFO Test Lead Alam - 
2022-03-12 11:28:52,777 [main] INFO Test Lead Alam - 
2022-03-12 11:28:52,778 [main] INFO Test Lead Alam - ...........END AUTOMATION.............
2022-03-12 11:28:52,778 [main] INFO Test Lead Alam - 
2022-03-12 11:31:53,979 [main] INFO Test Lead Alam - ******** I am a chrome browser*********
2022-03-12 11:31:54,503 [main] INFO io.github.bonigarcia.wdm.WebDriverManager - Using chromedriver 99.0.4844.51 (resolved driver for Chrome 99)
2022-03-12 11:31:54,534 [main] INFO io.github.bonigarcia.wdm.WebDriverManager - Exporting webdriver.chrome.driver as /Users/mohammedalam/.cache/selenium/chromedriver/mac64/99.0.4844.51/chromedriver
2022-03-12 11:31:59,292 [main] INFO Test Lead Alam - 
2022-03-12 11:31:59,293 [main] INFO Test Lead Alam - ...........START AUTOMATION.............
2022-03-12 11:31:59,293 [main] INFO Test Lead Alam - 
2022-03-12 11:32:02,682 [main] INFO Test Lead Alam - 
2022-03-12 11:32:02,682 [main] INFO Test Lead Alam - ...........END AUTOMATION.............
2022-03-12 11:32:02,682 [main] INFO Test Lead Alam - 
2022-03-12 11:34:00,286 [main] INFO Test Lead Alam - ******** I am a chrome browser*********
2022-03-12 11:34:00,637 [main] INFO io.github.bonigarcia.wdm.WebDriverManager - Using chromedriver 99.0.4844.51 (resolved driver for Chrome 99)
2022-03-12 11:34:00,653 [main] INFO io.github.bonigarcia.wdm.WebDriverManager - Exporting webdriver.chrome.driver as /Users/mohammedalam/.cache/selenium/chromedriver/mac64/99.0.4844.51/chromedriver
2022-03-12 11:34:04,662 [main] INFO Test Lead Alam - 
2022-03-12 11:34:04,662 [main] INFO Test Lead Alam - ...........START AUTOMATION.............
2022-03-12 11:34:04,663 [main] INFO Test Lead Alam - 
2022-03-12 11:34:05,431 [main] INFO Test Lead Alam - ******** User able to verify successfully login & verify the homepage title *********
2022-03-12 11:34:07,557 [main] INFO Test Lead Alam - ******** Users can hover over the page on the For Sale module and click on the UK Property For Sale *********
2022-03-12 11:34:08,824 [main] INFO Test Lead Alam - ******** Users is able to enter location *********
2022-03-12 11:34:46,961 [main] INFO Test Lead Alam - ******** I am a chrome browser*********
2022-03-12 11:34:47,308 [main] INFO io.github.bonigarcia.wdm.WebDriverManager - Using chromedriver 99.0.4844.51 (resolved driver for Chrome 99)
2022-03-12 11:34:47,324 [main] INFO io.github.bonigarcia.wdm.WebDriverManager - Exporting webdriver.chrome.driver as /Users/mohammedalam/.cache/selenium/chromedriver/mac64/99.0.4844.51/chromedriver
2022-03-12 11:34:51,779 [main] INFO Test Lead Alam - 
2022-03-12 11:34:51,779 [main] INFO Test Lead Alam - ...........START AUTOMATION.............
2022-03-12 11:34:51,780 [main] INFO Test Lead Alam - 
2022-03-12 11:34:52,323 [main] INFO Test Lead Alam - ******** User able to verify successfully login & verify the homepage title *********
2022-03-12 11:34:54,426 [main] INFO Test Lead Alam - ******** Users can hover over the page on the For Sale module and click on the UK Property For Sale *********
2022-03-12 11:34:55,779 [main] INFO Test Lead Alam - ******** Users is able to enter location *********
2022-03-12 11:35:30,295 [main] INFO Test Lead Alam - 
2022-03-12 11:35:30,297 [main] INFO Test Lead Alam - ...........END AUTOMATION.............
2022-03-12 11:35:30,297 [main] INFO Test Lead Alam - 
2022-03-12 11:38:02,242 [main] INFO Test Lead Alam - ******** I am a chrome browser*********
2022-03-12 11:38:02,891 [main] INFO io.github.bonigarcia.wdm.WebDriverManager - Using chromedriver 99.0.4844.51 (resolved driver for Chrome 99)
2022-03-12 11:38:02,923 [main] INFO io.github.bonigarcia.wdm.WebDriverManager - Exporting webdriver.chrome.driver as /Users/mohammedalam/.cache/selenium/chromedriver/mac64/99.0.4844.51/chromedriver
2022-03-12 11:38:07,810 [main] INFO Test Lead Alam - 
2022-03-12 11:38:07,811 [main] INFO Test Lead Alam - ...........START AUTOMATION.............
2022-03-12 11:38:07,811 [main] INFO Test Lead Alam - 
2022-03-12 11:38:08,460 [main] INFO Test Lead Alam - ******** User able to verify successfully login & verify the homepage title *********
2022-03-12 11:38:10,580 [main] INFO Test Lead Alam - ******** Users can hover over the page on the For Sale module and click on the UK Property For Sale *********
2022-03-12 11:38:11,998 [main] INFO Test Lead Alam - ******** Users is able to enter location *********
2022-03-12 11:38:22,212 [main] INFO Test Lead Alam - 
2022-03-12 11:38:22,213 [main] INFO Test Lead Alam - ...........END AUTOMATION.............
2022-03-12 11:38:22,214 [main] INFO Test Lead Alam - 
2022-03-12 12:54:45,721 [main] INFO Test Lead Alam - ******** I am a chrome browser*********
2022-03-12 12:54:46,732 [main] INFO io.github.bonigarcia.wdm.WebDriverManager - Using chromedriver 99.0.4844.51 (resolved driver for Chrome 99)
2022-03-12 12:54:46,787 [main] INFO io.github.bonigarcia.wdm.WebDriverManager - Exporting webdriver.chrome.driver as /Users/mohammedalam/.cache/selenium/chromedriver/mac64/99.0.4844.51/chromedriver
2022-03-12 12:54:51,389 [main] INFO Test Lead Alam - 
2022-03-12 12:54:51,392 [main] INFO Test Lead Alam - ...........START AUTOMATION.............
2022-03-12 12:54:51,392 [main] INFO Test Lead Alam - 
2022-03-12 12:54:54,101 [main] INFO Test Lead Alam - 
2022-03-12 12:54:54,101 [main] INFO Test Lead Alam - ...........END AUTOMATION.............
2022-03-12 12:54:54,102 [main] INFO Test Lead Alam - 
2022-03-12 12:59:14,324 [main] INFO Test Lead Alam - ******** I am a chrome browser*********
2022-03-12 12:59:14,641 [main] INFO io.github.bonigarcia.wdm.WebDriverManager - Using chromedriver 99.0.4844.51 (resolved driver for Chrome 99)
2022-03-12 12:59:14,655 [main] INFO io.github.bonigarcia.wdm.WebDriverManager - Exporting webdriver.chrome.driver as /Users/mohammedalam/.cache/selenium/chromedriver/mac64/99.0.4844.51/chromedriver
2022-03-12 12:59:18,863 [main] INFO Test Lead Alam - 
2022-03-12 12:59:18,864 [main] INFO Test Lead Alam - ...........START AUTOMATION.............
2022-03-12 12:59:18,864 [main] INFO Test Lead Alam - 
2022-03-12 12:59:21,038 [main] INFO Test Lead Alam - ******** User able to verify successfully login & verify the homepage title *********
2022-03-12 12:59:23,128 [main] INFO Test Lead Alam - ******** Users can hover over the page on the For Sale module and click on the UK Property For Sale *********
2022-03-12 12:59:30,705 [main] INFO Test Lead Alam - ******** Users is able to enter location *********
2022-03-12 12:59:38,954 [main] INFO Test Lead Alam - 
2022-03-12 12:59:38,955 [main] INFO Test Lead Alam - ...........END AUTOMATION.............
2022-03-12 12:59:38,955 [main] INFO Test Lead Alam - 
2022-03-12 13:01:56,478 [main] INFO Test Lead Alam - ******** I am a chrome browser*********
2022-03-12 13:01:56,786 [main] INFO io.github.bonigarcia.wdm.WebDriverManager - Using chromedriver 99.0.4844.51 (resolved driver for Chrome 99)
2022-03-12 13:01:56,802 [main] INFO io.github.bonigarcia.wdm.WebDriverManager - Exporting webdriver.chrome.driver as /Users/mohammedalam/.cache/selenium/chromedriver/mac64/99.0.4844.51/chromedriver
2022-03-12 13:02:00,488 [main] INFO Test Lead Alam - 
2022-03-12 13:02:00,489 [main] INFO Test Lead Alam - ...........START AUTOMATION.............
2022-03-12 13:02:00,489 [main] INFO Test Lead Alam - 
2022-03-12 13:02:04,822 [main] INFO Test Lead Alam - ******** User able to verify successfully login & verify the homepage title *********
2022-03-12 13:02:06,937 [main] INFO Test Lead Alam - ******** Users can hover over the page on the For Sale module and click on the UK Property For Sale *********
2022-03-12 13:02:09,401 [main] INFO Test Lead Alam - ******** Users is able to enter location *********
2022-03-12 13:02:16,602 [main] INFO Test Lead Alam - 
2022-03-12 13:02:16,602 [main] INFO Test Lead Alam - ...........END AUTOMATION.............
2022-03-12 13:02:16,603 [main] INFO Test Lead Alam - 
2022-03-12 13:03:44,145 [main] INFO Test Lead Alam - ******** I am a chrome browser*********
2022-03-12 13:03:44,477 [main] INFO io.github.bonigarcia.wdm.WebDriverManager - Using chromedriver 99.0.4844.51 (resolved driver for Chrome 99)
2022-03-12 13:03:44,492 [main] INFO io.github.bonigarcia.wdm.WebDriverManager - Exporting webdriver.chrome.driver as /Users/mohammedalam/.cache/selenium/chromedriver/mac64/99.0.4844.51/chromedriver
2022-03-12 13:03:48,376 [main] INFO Test Lead Alam - 
2022-03-12 13:03:48,376 [main] INFO Test Lead Alam - ...........START AUTOMATION.............
2022-03-12 13:03:48,377 [main] INFO Test Lead Alam - 
2022-03-12 13:03:50,444 [main] INFO Test Lead Alam - ******** User able to verify successfully login & verify the homepage title *********
2022-03-12 13:03:52,530 [main] INFO Test Lead Alam - ******** Users can hover over the page on the For Sale module and click on the UK Property For Sale *********
2022-03-12 13:03:55,327 [main] INFO Test Lead Alam - ******** Users is able to enter location *********
2022-03-12 13:04:01,532 [main] INFO Test Lead Alam - 
2022-03-12 13:04:01,532 [main] INFO Test Lead Alam - ...........END AUTOMATION.............
2022-03-12 13:04:01,533 [main] INFO Test Lead Alam - 
2022-03-12 13:07:01,278 [main] INFO Test Lead Alam - ******** I am a chrome browser*********
2022-03-12 13:07:01,611 [main] INFO io.github.bonigarcia.wdm.WebDriverManager - Using chromedriver 99.0.4844.51 (resolved driver for Chrome 99)
2022-03-12 13:07:01,626 [main] INFO io.github.bonigarcia.wdm.WebDriverManager - Exporting webdriver.chrome.driver as /Users/mohammedalam/.cache/selenium/chromedriver/mac64/99.0.4844.51/chromedriver
2022-03-12 13:07:06,850 [main] INFO Test Lead Alam - 
2022-03-12 13:07:06,851 [main] INFO Test Lead Alam - ...........START AUTOMATION.............
2022-03-12 13:07:06,851 [main] INFO Test Lead Alam - 
2022-03-12 13:07:09,915 [main] INFO Test Lead Alam - ******** User able to verify successfully login & verify the homepage title *********
2022-03-12 13:07:12,060 [main] INFO Test Lead Alam - ******** Users can hover over the page on the For Sale module and click on the UK Property For Sale *********
2022-03-12 13:07:15,193 [main] INFO Test Lead Alam - ******** Users is able to enter location *********
2022-03-12 13:07:22,185 [main] INFO Test Lead Alam - 
2022-03-12 13:07:22,186 [main] INFO Test Lead Alam - ...........END AUTOMATION.............
2022-03-12 13:07:22,186 [main] INFO Test Lead Alam - 
2022-03-12 13:09:37,939 [main] INFO Test Lead Alam - ******** I am a chrome browser*********
2022-03-12 13:09:38,366 [main] INFO io.github.bonigarcia.wdm.WebDriverManager - Using chromedriver 99.0.4844.51 (resolved driver for Chrome 99)
2022-03-12 13:09:38,390 [main] INFO io.github.bonigarcia.wdm.WebDriverManager - Exporting webdriver.chrome.driver as /Users/mohammedalam/.cache/selenium/chromedriver/mac64/99.0.4844.51/chromedriver
2022-03-12 13:09:43,656 [main] INFO Test Lead Alam - 
2022-03-12 13:09:43,657 [main] INFO Test Lead Alam - ...........START AUTOMATION.............
2022-03-12 13:09:43,658 [main] INFO Test Lead Alam - 
2022-03-12 13:09:45,790 [main] INFO Test Lead Alam - ******** User able to verify successfully login & verify the homepage title *********
2022-03-12 13:09:47,866 [main] INFO Test Lead Alam - ******** Users can hover over the page on the For Sale module and click on the UK Property For Sale *********
2022-03-12 13:09:50,218 [main] INFO Test Lead Alam - ******** Users is able to enter location *********
2022-03-12 13:09:59,097 [main] INFO Test Lead Alam - 
2022-03-12 13:09:59,098 [main] INFO Test Lead Alam - ...........END AUTOMATION.............
2022-03-12 13:09:59,098 [main] INFO Test Lead Alam - 
2022-03-12 13:27:32,162 [main] INFO Test Lead Alam - ******** I am a chrome browser*********
2022-03-12 13:27:32,644 [main] INFO io.github.bonigarcia.wdm.WebDriverManager - Using chromedriver 99.0.4844.51 (resolved driver for Chrome 99)
2022-03-12 13:27:32,673 [main] INFO io.github.bonigarcia.wdm.WebDriverManager - Exporting webdriver.chrome.driver as /Users/mohammedalam/.cache/selenium/chromedriver/mac64/99.0.4844.51/chromedriver
2022-03-12 13:27:37,055 [main] INFO Test Lead Alam - 
2022-03-12 13:27:37,055 [main] INFO Test Lead Alam - ...........START AUTOMATION.............
2022-03-12 13:27:37,056 [main] INFO Test Lead Alam - 
2022-03-12 13:27:40,411 [main] INFO Test Lead Alam - ******** User able to verify successfully login & verify the homepage title *********
2022-03-12 13:27:42,483 [main] INFO Test Lead Alam - ******** Users can hover over the page on the For Sale module and click on the UK Property For Sale *********
2022-03-12 13:27:43,759 [main] INFO Test Lead Alam - ******** Users is able to enter location *********
2022-03-12 13:27:53,736 [main] INFO Test Lead Alam - 
2022-03-12 13:27:53,737 [main] INFO Test Lead Alam - ...........END AUTOMATION.............
2022-03-12 13:27:53,738 [main] INFO Test Lead Alam - 
2022-03-12 13:28:35,179 [main] INFO Test Lead Alam - ******** I am a chrome browser*********
2022-03-12 13:28:35,492 [main] INFO io.github.bonigarcia.wdm.WebDriverManager - Using chromedriver 99.0.4844.51 (resolved driver for Chrome 99)
2022-03-12 13:28:35,508 [main] INFO io.github.bonigarcia.wdm.WebDriverManager - Exporting webdriver.chrome.driver as /Users/mohammedalam/.cache/selenium/chromedriver/mac64/99.0.4844.51/chromedriver
2022-03-12 13:28:40,120 [main] INFO Test Lead Alam - 
2022-03-12 13:28:40,121 [main] INFO Test Lead Alam - ...........START AUTOMATION.............
2022-03-12 13:28:40,121 [main] INFO Test Lead Alam - 
2022-03-12 13:28:42,432 [main] INFO Test Lead Alam - ******** User able to verify successfully login & verify the homepage title *********
2022-03-12 13:28:44,511 [main] INFO Test Lead Alam - ******** Users can hover over the page on the For Sale module and click on the UK Property For Sale *********
2022-03-12 13:28:45,712 [main] INFO Test Lead Alam - ******** Users is able to enter location *********
2022-03-12 13:28:53,919 [main] INFO Test Lead Alam - 
2022-03-12 13:28:53,921 [main] INFO Test Lead Alam - ...........END AUTOMATION.............
2022-03-12 13:28:53,921 [main] INFO Test Lead Alam - 
2022-03-12 13:29:28,834 [main] INFO Test Lead Alam - ******** I am a chrome browser*********
2022-03-12 13:29:29,146 [main] INFO io.github.bonigarcia.wdm.WebDriverManager - Using chromedriver 99.0.4844.51 (resolved driver for Chrome 99)
2022-03-12 13:29:29,161 [main] INFO io.github.bonigarcia.wdm.WebDriverManager - Exporting webdriver.chrome.driver as /Users/mohammedalam/.cache/selenium/chromedriver/mac64/99.0.4844.51/chromedriver
2022-03-12 13:29:32,909 [main] INFO Test Lead Alam - 
2022-03-12 13:29:32,909 [main] INFO Test Lead Alam - ...........START AUTOMATION.............
2022-03-12 13:29:32,909 [main] INFO Test Lead Alam - 
2022-03-12 13:29:37,865 [main] INFO Test Lead Alam - ******** User able to verify successfully login & verify the homepage title *********
2022-03-12 13:29:39,942 [main] INFO Test Lead Alam - ******** Users can hover over the page on the For Sale module and click on the UK Property For Sale *********
2022-03-12 13:29:40,998 [main] INFO Test Lead Alam - ******** Users is able to enter location *********
2022-03-12 13:30:08,081 [main] INFO Test Lead Alam - 
2022-03-12 13:30:08,084 [main] INFO Test Lead Alam - ...........END AUTOMATION.............
2022-03-12 13:30:08,085 [main] INFO Test Lead Alam - 
2022-03-12 13:32:50,425 [main] INFO Test Lead Alam - ******** I am a chrome browser*********
2022-03-12 13:32:50,767 [main] INFO io.github.bonigarcia.wdm.WebDriverManager - Using chromedriver 99.0.4844.51 (resolved driver for Chrome 99)
2022-03-12 13:32:50,781 [main] INFO io.github.bonigarcia.wdm.WebDriverManager - Exporting webdriver.chrome.driver as /Users/mohammedalam/.cache/selenium/chromedriver/mac64/99.0.4844.51/chromedriver
2022-03-12 13:32:55,586 [main] INFO Test Lead Alam - 
2022-03-12 13:32:55,589 [main] INFO Test Lead Alam - ...........START AUTOMATION.............
2022-03-12 13:32:55,589 [main] INFO Test Lead Alam - 
2022-03-12 13:32:58,039 [main] INFO Test Lead Alam - ******** User able to verify successfully login & verify the homepage title *********
2022-03-12 13:33:00,117 [main] INFO Test Lead Alam - ******** Users can hover over the page on the For Sale module and click on the UK Property For Sale *********
2022-03-12 13:33:02,914 [main] INFO Test Lead Alam - ******** Users is able to enter location *********
2022-03-12 13:33:32,540 [main] INFO Test Lead Alam - 
2022-03-12 13:33:32,541 [main] INFO Test Lead Alam - ...........END AUTOMATION.............
2022-03-12 13:33:32,542 [main] INFO Test Lead Alam - 
2022-03-12 13:35:54,294 [main] INFO Test Lead Alam - ******** I am a chrome browser*********
2022-03-12 13:35:54,639 [main] INFO io.github.bonigarcia.wdm.WebDriverManager - Using chromedriver 99.0.4844.51 (resolved driver for Chrome 99)
2022-03-12 13:35:54,655 [main] INFO io.github.bonigarcia.wdm.WebDriverManager - Exporting webdriver.chrome.driver as /Users/mohammedalam/.cache/selenium/chromedriver/mac64/99.0.4844.51/chromedriver
2022-03-12 13:35:59,580 [main] INFO Test Lead Alam - 
2022-03-12 13:35:59,580 [main] INFO Test Lead Alam - ...........START AUTOMATION.............
2022-03-12 13:35:59,580 [main] INFO Test Lead Alam - 
2022-03-12 13:36:02,125 [main] INFO Test Lead Alam - ******** User able to verify successfully login & verify the homepage title *********
2022-03-12 13:36:04,211 [main] INFO Test Lead Alam - ******** Users can hover over the page on the For Sale module and click on the UK Property For Sale *********
2022-03-12 13:36:17,496 [main] INFO Test Lead Alam - ******** Users is able to enter location *********
2022-03-12 13:36:40,531 [main] INFO Test Lead Alam - ******** I am a chrome browser*********
2022-03-12 13:36:40,934 [main] INFO io.github.bonigarcia.wdm.WebDriverManager - Using chromedriver 99.0.4844.51 (resolved driver for Chrome 99)
2022-03-12 13:36:40,951 [main] INFO io.github.bonigarcia.wdm.WebDriverManager - Exporting webdriver.chrome.driver as /Users/mohammedalam/.cache/selenium/chromedriver/mac64/99.0.4844.51/chromedriver
2022-03-12 13:36:45,061 [main] INFO Test Lead Alam - 
2022-03-12 13:36:45,062 [main] INFO Test Lead Alam - ...........START AUTOMATION.............
2022-03-12 13:36:45,062 [main] INFO Test Lead Alam - 
2022-03-12 13:36:47,397 [main] INFO Test Lead Alam - ******** User able to verify successfully login & verify the homepage title *********
2022-03-12 13:36:49,469 [main] INFO Test Lead Alam - ******** Users can hover over the page on the For Sale module and click on the UK Property For Sale *********
2022-03-12 13:36:52,934 [main] INFO Test Lead Alam - ******** Users is able to enter location *********
2022-03-12 13:37:01,839 [main] INFO Test Lead Alam - 
2022-03-12 13:37:01,841 [main] INFO Test Lead Alam - ...........END AUTOMATION.............
2022-03-12 13:37:01,841 [main] INFO Test Lead Alam - 
2022-03-12 13:37:58,917 [main] INFO Test Lead Alam - ******** I am a chrome browser*********
2022-03-12 13:37:59,244 [main] INFO io.github.bonigarcia.wdm.WebDriverManager - Using chromedriver 99.0.4844.51 (resolved driver for Chrome 99)
2022-03-12 13:37:59,262 [main] INFO io.github.bonigarcia.wdm.WebDriverManager - Exporting webdriver.chrome.driver as /Users/mohammedalam/.cache/selenium/chromedriver/mac64/99.0.4844.51/chromedriver
2022-03-12 13:38:04,427 [main] INFO Test Lead Alam - 
2022-03-12 13:38:04,428 [main] INFO Test Lead Alam - ...........START AUTOMATION.............
2022-03-12 13:38:04,428 [main] INFO Test Lead Alam - 
2022-03-12 13:38:07,557 [main] INFO Test Lead Alam - ******** User able to verify successfully login & verify the homepage title *********
2022-03-12 13:38:09,670 [main] INFO Test Lead Alam - ******** Users can hover over the page on the For Sale module and click on the UK Property For Sale *********
2022-03-12 13:38:21,814 [main] INFO Test Lead Alam - ******** Users is able to enter location *********
2022-03-12 13:38:32,669 [main] INFO Test Lead Alam - 
2022-03-12 13:38:32,672 [main] INFO Test Lead Alam - ...........END AUTOMATION.............
2022-03-12 13:38:32,672 [main] INFO Test Lead Alam - 
2022-03-12 13:39:22,085 [main] INFO Test Lead Alam - ******** I am a chrome browser*********
2022-03-12 13:39:22,448 [main] INFO io.github.bonigarcia.wdm.WebDriverManager - Using chromedriver 99.0.4844.51 (resolved driver for Chrome 99)
2022-03-12 13:39:22,465 [main] INFO io.github.bonigarcia.wdm.WebDriverManager - Exporting webdriver.chrome.driver as /Users/mohammedalam/.cache/selenium/chromedriver/mac64/99.0.4844.51/chromedriver
2022-03-12 13:39:26,644 [main] INFO Test Lead Alam - 
2022-03-12 13:39:26,644 [main] INFO Test Lead Alam - ...........START AUTOMATION.............
2022-03-12 13:39:26,645 [main] INFO Test Lead Alam - 
2022-03-12 13:39:29,160 [main] INFO Test Lead Alam - ******** User able to verify successfully login & verify the homepage title *********
2022-03-12 13:39:31,261 [main] INFO Test Lead Alam - ******** Users can hover over the page on the For Sale module and click on the UK Property For Sale *********
2022-03-12 13:39:33,947 [main] INFO Test Lead Alam - ******** Users is able to enter location *********
2022-03-12 13:39:49,073 [main] INFO Test Lead Alam - 
2022-03-12 13:39:49,075 [main] INFO Test Lead Alam - ...........END AUTOMATION.............
2022-03-12 13:39:49,076 [main] INFO Test Lead Alam - 
